Arguments: 
  /home/kabir/.nvm/versions/node/v17.3.0/bin/node /usr/share/yarn/bin/yarn.js add malter

PATH: 
  /home/kabir/.local/bin:/home/kabir/.nvm/versions/node/v17.3.0/bin:/home/kabir/.local/bin:/usr/local/sbin:/usr/local/bin:/usr/sbin:/usr/bin:/sbin:/bin:/usr/games:/usr/local/games:/snap/bin:/usr/bin/Postman:/usr/bin/Postman

Yarn version: 
  1.22.19

Node version: 
  17.3.0

Platform: 
  linux x64

Trace: 
  Error: https://registry.yarnpkg.com/malter: Not found
      at Request.params.callback [as _callback] (/usr/share/yarn/lib/cli.js:66145:18)
      at Request.self.callback (/usr/share/yarn/lib/cli.js:140890:22)
      at Request.emit (node:events:390:28)
      at Request.<anonymous> (/usr/share/yarn/lib/cli.js:141862:10)
      at Request.emit (node:events:390:28)
      at IncomingMessage.<anonymous> (/usr/share/yarn/lib/cli.js:141784:12)
      at Object.onceWrapper (node:events:509:28)
      at IncomingMessage.emit (node:events:402:35)
      at endReadableNT (node:internal/streams/readable:1343:12)
      at processTicksAndRejections (node:internal/process/task_queues:83:21)

npm manifest: 
  {
    "name": "api",
    "version": "1.0.0",
    "description": "",
    "main": "index.js",
    "scripts": {
      "start": "nodemon index.js"
    },
    "keywords": [],
    "author": "",
    "license": "ISC",
    "dependencies": {
      "bcrypt": "^5.0.1",
      "dotenv": "^16.0.0",
      "express": "^4.17.3",
      "helmet": "^5.0.2",
      "mongoose": "^6.3.0",
      "morgan": "^1.10.0",
      "nodemon": "^2.0.15"
    }
  }

yarn manifest: 
  No manifest

Lockfile: 
  No lockfile
